01-Feb-2024 10:58:28.288 INFO [main] org.apache.catalina.startup.VersionLoggerListener.log Server version name:   Apache Tomcat/10.1.18
01-Feb-2024 10:58:28.296 INFO [main] org.apache.catalina.startup.VersionLoggerListener.log Server built:          Jan 5 2024 14:39:40 UTC
01-Feb-2024 10:58:28.297 INFO [main] org.apache.catalina.startup.VersionLoggerListener.log Server version number: 10.1.18.0
01-Feb-2024 10:58:28.297 INFO [main] org.apache.catalina.startup.VersionLoggerListener.log OS Name:               Windows 11
01-Feb-2024 10:58:28.297 INFO [main] org.apache.catalina.startup.VersionLoggerListener.log OS Version:            10.0
01-Feb-2024 10:58:28.297 INFO [main] org.apache.catalina.startup.VersionLoggerListener.log Architecture:          amd64
01-Feb-2024 10:58:28.297 INFO [main] org.apache.catalina.startup.VersionLoggerListener.log Java Home:             C:\Users\HP\.jdks\corretto-17.0.10
01-Feb-2024 10:58:28.297 INFO [main] org.apache.catalina.startup.VersionLoggerListener.log JVM Version:           17.0.10+7-LTS
01-Feb-2024 10:58:28.297 INFO [main] org.apache.catalina.startup.VersionLoggerListener.log JVM Vendor:            Amazon.com Inc.
01-Feb-2024 10:58:28.297 INFO [main] org.apache.catalina.startup.VersionLoggerListener.log CATALINA_BASE:         D:\programming\spring\Project\ims\inventorymanagement
01-Feb-2024 10:58:28.298 INFO [main] org.apache.catalina.startup.VersionLoggerListener.log CATALINA_HOME:         C:\Users\HP\Downloads\apache-tomcat-10.1.18
01-Feb-2024 10:58:28.316 INFO [main] org.apache.catalina.startup.VersionLoggerListener.log Command line argument: --add-opens=java.base/java.lang=ALL-UNNAMED
01-Feb-2024 10:58:28.316 INFO [main] org.apache.catalina.startup.VersionLoggerListener.log Command line argument: --add-opens=java.base/java.io=ALL-UNNAMED
01-Feb-2024 10:58:28.316 INFO [main] org.apache.catalina.startup.VersionLoggerListener.log Command line argument: --add-opens=java.base/java.util=ALL-UNNAMED
01-Feb-2024 10:58:28.316 INFO [main] org.apache.catalina.startup.VersionLoggerListener.log Command line argument: --add-opens=java.base/java.util.concurrent=ALL-UNNAMED
01-Feb-2024 10:58:28.317 INFO [main] org.apache.catalina.startup.VersionLoggerListener.log Command line argument: --add-opens=java.rmi/sun.rmi.transport=ALL-UNNAMED
01-Feb-2024 10:58:28.317 INFO [main] org.apache.catalina.startup.VersionLoggerListener.log Command line argument: -Dcatalina.home=C:\Users\HP\Downloads\apache-tomcat-10.1.18
01-Feb-2024 10:58:28.317 INFO [main] org.apache.catalina.startup.VersionLoggerListener.log Command line argument: -Dcatalina.base=D:\programming\spring\Project\ims\inventorymanagement
01-Feb-2024 10:58:28.317 INFO [main] org.apache.catalina.startup.VersionLoggerListener.log Command line argument: -Djava.io.tmpdir=D:\programming\spring\Project\ims\inventorymanagement\temp
01-Feb-2024 10:58:28.317 INFO [main] org.apache.catalina.startup.VersionLoggerListener.log Command line argument: -Djava.util.logging.config.file=D:\programming\spring\Project\ims\inventorymanagement\conf\logging.properties
01-Feb-2024 10:58:28.317 INFO [main] org.apache.catalina.startup.VersionLoggerListener.log Command line argument: -Djava.util.logging.manager=org.apache.juli.ClassLoaderLogManager
01-Feb-2024 10:58:28.317 INFO [main] org.apache.catalina.startup.VersionLoggerListener.log Command line argument: -javaagent:C:\Program Files\JetBrains\IntelliJ IDEA Community Edition 2023.3.2\lib\idea_rt.jar=56525:C:\Program Files\JetBrains\IntelliJ IDEA Community Edition 2023.3.2\bin
01-Feb-2024 10:58:28.317 INFO [main] org.apache.catalina.startup.VersionLoggerListener.log Command line argument: -Dfile.encoding=UTF-8
01-Feb-2024 10:58:28.325 INFO [main] org.apache.catalina.core.AprLifecycleListener.lifecycleEvent Loaded Apache Tomcat Native library [2.0.6] using APR version [1.7.4].
01-Feb-2024 10:58:28.341 INFO [main] org.apache.catalina.core.AprLifecycleListener.initializeSSL OpenSSL successfully initialized [OpenSSL 3.0.11 19 Sep 2023]
01-Feb-2024 10:58:28.894 INFO [main] org.apache.coyote.AbstractProtocol.init Initializing ProtocolHandler ["http-nio-8080"]
01-Feb-2024 10:58:28.952 INFO [main] org.apache.catalina.startup.Catalina.load Server initialization in [970] milliseconds
01-Feb-2024 10:58:29.049 INFO [main] org.apache.catalina.core.StandardService.startInternal Starting service [Catalina]
01-Feb-2024 10:58:29.049 INFO [main] org.apache.catalina.core.StandardEngine.startInternal Starting Servlet engine: [Apache Tomcat/10.1.18]
01-Feb-2024 10:58:29.071 INFO [main] org.apache.catalina.startup.HostConfig.deployDescriptor Deploying deployment descriptor [D:\programming\spring\Project\ims\inventorymanagement\conf\Catalina\localhost\ims.xml]
01-Feb-2024 10:58:35.879 INFO [main] org.apache.jasper.servlet.TldScanner.scanJars At least one JAR was scanned for TLDs yet contained no TLDs. Enable debug logging for this logger for a complete list of JARs that were scanned but no TLDs were found in them. Skipping unneeded JARs during scanning can improve startup time and JSP compilation time.
01-Feb-2024 10:58:55.952 WARNING [main] org.apache.catalina.util.SessionIdGeneratorBase.createSecureRandom Creation of SecureRandom instance for session ID generation using [SHA1PRNG] took [280] milliseconds.
01-Feb-2024 10:58:56.090 INFO [main] org.apache.catalina.startup.HostConfig.deployDescriptor Deployment of deployment descriptor [D:\programming\spring\Project\ims\inventorymanagement\conf\Catalina\localhost\ims.xml] has finished in [27,020] ms
01-Feb-2024 10:58:56.093 INFO [main] org.apache.coyote.AbstractProtocol.start Starting ProtocolHandler ["http-nio-8080"]
01-Feb-2024 10:58:56.126 INFO [main] org.apache.catalina.startup.Catalina.start Server startup in [27174] milliseconds
01-Feb-2024 10:59:20.412 INFO [Thread-3] org.apache.coyote.AbstractProtocol.pause Pausing ProtocolHandler ["http-nio-8080"]
01-Feb-2024 10:59:20.421 INFO [Thread-3] org.apache.catalina.core.StandardService.stopInternal Stopping service [Catalina]
01-Feb-2024 10:59:20.495 WARNING [Thread-3] org.apache.catalina.loader.WebappClassLoaderBase.clearReferencesThreads The web application [ims] appears to have started a thread named [mysql-cj-abandoned-connection-cleanup] but has failed to stop it. This is very likely to create a memory leak. Stack trace of thread:
 java.base@17.0.10/java.lang.Object.wait(Native Method)
 java.base@17.0.10/java.lang.ref.ReferenceQueue.remove(ReferenceQueue.java:155)
 com.mysql.cj.jdbc.AbandonedConnectionCleanupThread.run(AbandonedConnectionCleanupThread.java:91)
 java.base@17.0.10/java.util.concurrent.ThreadPoolExecutor.runWorker(ThreadPoolExecutor.java:1136)
 java.base@17.0.10/java.util.concurrent.ThreadPoolExecutor$Worker.run(ThreadPoolExecutor.java:635)
 java.base@17.0.10/java.lang.Thread.run(Thread.java:840)
01-Feb-2024 10:59:20.498 SEVERE [Thread-3] org.apache.catalina.loader.WebappClassLoaderBase.checkThreadLocalMapForLeaks The web application [ims] created a ThreadLocal with key of type [org.springframework.boot.SpringBootExceptionHandler.LoggedExceptionHandlerThreadLocal] (value [org.springframework.boot.SpringBootExceptionHandler$LoggedExceptionHandlerThreadLocal@210defff]) and a value of type [org.springframework.boot.SpringBootExceptionHandler] (value [org.springframework.boot.SpringBootExceptionHandler@7b7f1d28]) but failed to remove it when the web application was stopped. Threads are going to be renewed over time to try and avoid a probable memory leak.
01-Feb-2024 10:59:20.532 INFO [Thread-3] org.apache.coyote.AbstractProtocol.stop Stopping ProtocolHandler ["http-nio-8080"]
01-Feb-2024 10:59:20.548 INFO [Thread-3] org.apache.coyote.AbstractProtocol.destroy Destroying ProtocolHandler ["http-nio-8080"]
